# JRE version: Java(TM) SE Runtime Environment (8.0_91-b14) (build 1.8.0_91-b14)
# Java VM: Java HotSpot(TM) 64-Bit Server VM (25.91-b14 mixed mode linux-amd64 compressed oops)
Heap:
 PSYoungGen      total 297472K, used 102819K [0x00000000eab00000, 0x00000000ffe80000, 0x0000000100000000)
  eden space 280576K, 30% used [0x00000000eab00000,0x00000000eff45550,0x00000000fbd00000)
  from space 16896K, 97% used [0x00000000fbd00000,0x00000000fcd23748,0x00000000fcd80000)
  to   space 33280K, 0% used [0x00000000fde00000,0x00000000fde00000,0x00000000ffe80000)
 ParOldGen       total 87552K, used 48537K [0x00000000c0000000, 0x00000000c5580000, 0x00000000eab00000)
  object space 87552K, 55% used [0x00000000c0000000,0x00000000c2f666d8,0x00000000c5580000)
 Metaspace       used 71947K, capacity 77116K, committed 77440K, reserved 1116160K
  class space    used 9214K, capacity 9945K, committed 10112K, reserved 1048576K
GC Heap History (10 events):
Event: 24582.994 GC heap before
{Heap before GC invocations=82 (full 17):
 PSYoungGen      total 314880K, used 225003K [0x00000000eab00000, 0x00000000fff80000, 0x0000000100000000)
  eden space 281088K, 77% used [0x00000000eab00000,0x00000000f7e744c0,0x00000000fbd80000)
  from space 33792K, 25% used [0x00000000fde80000,0x00000000fe6c6888,0x00000000fff80000)
  to   space 33792K, 0% used [0x00000000fbd80000,0x00000000fbd80000,0x00000000fde80000)
 ParOldGen       total 87552K, used 61688K [0x00000000c0000000, 0x00000000c5580000, 0x00000000eab00000)
  object space 87552K, 70% used [0x00000000c0000000,0x00000000c3c3e2f0,0x00000000c5580000)
 Metaspace       used 69100K, capacity 74366K, committed 74496K, reserved 1114112K
  class space    used 8903K, capacity 9671K, committed 9728K, reserved 1048576K
Event: 24583.002 GC heap after
Heap after GC invocations=82 (full 17):
 PSYoungGen      total 314880K, used 4992K [0x00000000eab00000, 0x00000000fff80000, 0x0000000100000000)
  eden space 281088K, 0% used [0x00000000eab00000,0x00000000eab00000,0x00000000fbd80000)
  from space 33792K, 14% used [0x00000000fbd80000,0x00000000fc260200,0x00000000fde80000)
  to   space 33792K, 0% used [0x00000000fde80000,0x00000000fde80000,0x00000000fff80000)
 ParOldGen       total 87552K, used 61696K [0x00000000c0000000, 0x00000000c5580000, 0x00000000eab00000)
  object space 87552K, 70% used [0x00000000c0000000,0x00000000c3c402f0,0x00000000c5580000)
 Metaspace       used 69100K, capacity 74366K, committed 74496K, reserved 1114112K
  class space    used 8903K, capacity 9671K, committed 9728K, reserved 1048576K
}
Event: 24583.002 GC heap before
{Heap before GC invocations=83 (full 18):
 PSYoungGen      total 314880K, used 4992K [0x00000000eab00000, 0x00000000fff80000, 0x0000000100000000)
  eden space 281088K, 0% used [0x00000000eab00000,0x00000000eab00000,0x00000000fbd80000)
  from space 33792K, 14% used [0x00000000fbd80000,0x00000000fc260200,0x00000000fde80000)
  to   space 33792K, 0% used [0x00000000fde80000,0x00000000fde80000,0x00000000fff80000)
 ParOldGen       total 87552K, used 61696K [0x00000000c0000000, 0x00000000c5580000, 0x00000000eab00000)
  object space 87552K, 70% used [0x00000000c0000000,0x00000000c3c402f0,0x00000000c5580000)
 Metaspace       used 69100K, capacity 74366K, committed 74496K, reserved 1114112K
  class space    used 8903K, capacity 9671K, committed 9728K, reserved 1048576K
Event: 24583.302 GC heap after
Heap after GC invocations=83 (full 18):
 PSYoungGen      total 314880K, used 0K [0x00000000eab00000, 0x00000000fff80000, 0x0000000100000000)
  eden space 281088K, 0% used [0x00000000eab00000,0x00000000eab00000,0x00000000fbd80000)
  from space 33792K, 0% used [0x00000000fbd80000,0x00000000fbd80000,0x00000000fde80000)
  to   space 33792K, 0% used [0x00000000fde80000,0x00000000fde80000,0x00000000fff80000)
 ParOldGen       total 87552K, used 49929K [0x00000000c0000000, 0x00000000c5580000, 0x00000000eab00000)
  object space 87552K, 57% used [0x00000000c0000000,0x00000000c30c25f8,0x00000000c5580000)
 Metaspace       used 68290K, capacity 73160K, committed 74496K, reserved 1114112K
  class space    used 8758K, capacity 9437K, committed 9728K, reserved 1048576K
}
Event: 24794.534 GC heap before
{Heap before GC invocations=84 (full 18):
 PSYoungGen      total 314880K, used 20955K [0x00000000eab00000, 0x00000000fff80000, 0x0000000100000000)
  eden space 281088K, 7% used [0x00000000eab00000,0x00000000ebf76f48,0x00000000fbd80000)
  from space 33792K, 0% used [0x00000000fbd80000,0x00000000fbd80000,0x00000000fde80000)
  to   space 33792K, 0% used [0x00000000fde80000,0x00000000fde80000,0x00000000fff80000)
 ParOldGen       total 87552K, used 49929K [0x00000000c0000000, 0x00000000c5580000, 0x00000000eab00000)
  object space 87552K, 57% used [0x00000000c0000000,0x00000000c30c25f8,0x00000000c5580000)
 Metaspace       used 68476K, capacity 73412K, committed 74496K, reserved 1114112K
  class space    used 8788K, capacity 9495K, committed 9728K, reserved 1048576K
Event: 24794.538 GC heap after
Heap after GC invocations=84 (full 18):
 PSYoungGen      total 314368K, used 640K [0x00000000eab00000, 0x0000000100000000, 0x0000000100000000)
  eden space 280576K, 0% used [0x00000000eab00000,0x00000000eab00000,0x00000000fbd00000)
  from space 33792K, 1% used [0x00000000fde80000,0x00000000fdf20020,0x00000000fff80000)
  to   space 34304K, 0% used [0x00000000fbd00000,0x00000000fbd00000,0x00000000fde80000)
 ParOldGen       total 87552K, used 49937K [0x00000000c0000000, 0x00000000c5580000, 0x00000000eab00000)
  object space 87552K, 57% used [0x00000000c0000000,0x00000000c30c45f8,0x00000000c5580000)
 Metaspace       used 68476K, capacity 73412K, committed 74496K, reserved 1114112K
  class space    used 8788K, capacity 9495K, committed 9728K, reserved 1048576K
}
Event: 24794.538 GC heap before
{Heap before GC invocations=85 (full 19):
 PSYoungGen      total 314368K, used 640K [0x00000000eab00000, 0x0000000100000000, 0x0000000100000000)
  eden space 280576K, 0% used [0x00000000eab00000,0x00000000eab00000,0x00000000fbd00000)
  from space 33792K, 1% used [0x00000000fde80000,0x00000000fdf20020,0x00000000fff80000)
  to   space 34304K, 0% used [0x00000000fbd00000,0x00000000fbd00000,0x00000000fde80000)
 ParOldGen       total 87552K, used 49937K [0x00000000c0000000, 0x00000000c5580000, 0x00000000eab00000)
  object space 87552K, 57% used [0x00000000c0000000,0x00000000c30c45f8,0x00000000c5580000)
 Metaspace       used 68476K, capacity 73412K, committed 74496K, reserved 1114112K
  class space    used 8788K, capacity 9495K, committed 9728K, reserved 1048576K
Event: 24794.905 GC heap after
Heap after GC invocations=85 (full 19):
 PSYoungGen      total 314368K, used 0K [0x00000000eab00000, 0x0000000100000000, 0x0000000100000000)
  eden space 280576K, 0% used [0x00000000eab00000,0x00000000eab00000,0x00000000fbd00000)
  from space 33792K, 0% used [0x00000000fde80000,0x00000000fde80000,0x00000000fff80000)
  to   space 34304K, 0% used [0x00000000fbd00000,0x00000000fbd00000,0x00000000fde80000)
 ParOldGen       total 87552K, used 48529K [0x00000000c0000000, 0x00000000c5580000, 0x00000000eab00000)
  object space 87552K, 55% used [0x00000000c0000000,0x00000000c2f646d8,0x00000000c5580000)
 Metaspace       used 68476K, capacity 73412K, committed 74496K, reserved 1114112K
  class space    used 8788K, capacity 9495K, committed 9728K, reserved 1048576K
}
Event: 24989.236 GC heap before
{Heap before GC invocations=86 (full 19):
 PSYoungGen      total 314368K, used 280576K [0x00000000eab00000, 0x0000000100000000, 0x0000000100000000)
  eden space 280576K, 100% used [0x00000000eab00000,0x00000000fbd00000,0x00000000fbd00000)
  from space 33792K, 0% used [0x00000000fde80000,0x00000000fde80000,0x00000000fff80000)
  to   space 34304K, 0% used [0x00000000fbd00000,0x00000000fbd00000,0x00000000fde80000)
 ParOldGen       total 87552K, used 48529K [0x00000000c0000000, 0x00000000c5580000, 0x00000000eab00000)
  object space 87552K, 55% used [0x00000000c0000000,0x00000000c2f646d8,0x00000000c5580000)
 Metaspace       used 71810K, capacity 76976K, committed 77184K, reserved 1116160K
  class space    used 9210K, capacity 9943K, committed 10112K, reserved 1048576K
Event: 24989.256 GC heap after
Heap after GC invocations=86 (full 19):
 PSYoungGen      total 297472K, used 16525K [0x00000000eab00000, 0x00000000ffe80000, 0x0000000100000000)
  eden space 280576K, 0% used [0x00000000eab00000,0x00000000eab00000,0x00000000fbd00000)
  from space 16896K, 97% used [0x00000000fbd00000,0x00000000fcd23748,0x00000000fcd80000)
  to   space 33280K, 0% used [0x00000000fde00000,0x00000000fde00000,0x00000000ffe80000)
 ParOldGen       total 87552K, used 48537K [0x00000000c0000000, 0x00000000c5580000, 0x00000000eab00000)
  object space 87552K, 55% used [0x00000000c0000000,0x00000000c2f666d8,0x00000000c5580000)
 Metaspace       used 71810K, capacity 76976K, committed 77184K, reserved 1116160K
  class space    used 9210K, capacity 9943K, committed 10112K, reserved 1048576K
}

